2016-06-16 12:18:06.235  INFO 14083 --- [main] infoboxer.backend.Application            : Starting Application on rhea with PID 14083 (/home/ismaro3/WikiPayback/prototype/backend/build/classes/main started by ismaro3 in /home/ismaro3/WikiPayback/prototype/backend)
2016-06-16 12:18:06.242  INFO 14083 --- [main] infoboxer.backend.Application            : No active profile set, falling back to default profiles: default
2016-06-16 12:18:06.322  INFO 14083 --- [main] ationConfigEmbeddedWebApplicationContext : Refreshing org.springframework.boot.context.embedded.AnnotationConfigEmbeddedWebApplicationContext@77a57272: startup date [Thu Jun 16 12:18:06 CEST 2016]; root of context hierarchy
2016-06-16 12:18:07.268  INFO 14083 --- [main] o.s.b.f.s.DefaultListableBeanFactory     : Overriding bean definition for bean 'beanNameViewResolver' with a different definition: replacing [Root bean: class [null]; scope=; abstract=false; lazyInit=false; autowireMode=3; dependencyCheck=0; autowireCandidate=true; primary=false; factoryBeanName=org.springframework.boot.autoconfigure.web.ErrorMvcAutoConfiguration$WhitelabelErrorViewConfiguration; factoryMethodName=beanNameViewResolver; initMethodName=null; destroyMethodName=(inferred); defined in class path resource [org/springframework/boot/autoconfigure/web/ErrorMvcAutoConfiguration$WhitelabelErrorViewConfiguration.class]] with [Root bean: class [null]; scope=; abstract=false; lazyInit=false; autowireMode=3; dependencyCheck=0; autowireCandidate=true; primary=false; factoryBeanName=org.springframework.boot.autoconfigure.web.WebMvcAutoConfiguration$WebMvcAutoConfigurationAdapter; factoryMethodName=beanNameViewResolver; initMethodName=null; destroyMethodName=(inferred); defined in class path resource [org/springframework/boot/autoconfigure/web/WebMvcAutoConfiguration$WebMvcAutoConfigurationAdapter.class]]
2016-06-16 12:18:08.094  INFO 14083 --- [main] s.b.c.e.t.TomcatEmbeddedServletContainer : Tomcat initialized with port(s): 8080 (http)
2016-06-16 12:18:08.128  INFO 14083 --- [main] o.apache.catalina.core.StandardService   : Starting service Tomcat
2016-06-16 12:18:08.130  INFO 14083 --- [main] org.apache.catalina.core.StandardEngine  : Starting Servlet Engine: Apache Tomcat/8.0.30
2016-06-16 12:18:08.246  INFO 14083 --- [localhost-startStop-1] o.a.c.c.C.[Tomcat].[localhost].[/]       : Initializing Spring embedded WebApplicationContext
2016-06-16 12:18:08.347  INFO 14083 --- [localhost-startStop-1] i.backend.web.config.SimpleCORSFilter    : SimpleCORSFilter init
2016-06-16 12:18:08.540  INFO 14083 --- [localhost-startStop-1] o.s.b.c.e.ServletRegistrationBean        : Mapping servlet: 'dispatcherServlet' to [/]
2016-06-16 12:18:08.545  INFO 14083 --- [localhost-startStop-1] o.s.b.c.embedded.FilterRegistrationBean  : Mapping filter: 'characterEncodingFilter' to: [/*]
2016-06-16 12:18:08.545  INFO 14083 --- [localhost-startStop-1] o.s.b.c.embedded.FilterRegistrationBean  : Mapping filter: 'hiddenHttpMethodFilter' to: [/*]
2016-06-16 12:18:08.546  INFO 14083 --- [localhost-startStop-1] o.s.b.c.embedded.FilterRegistrationBean  : Mapping filter: 'httpPutFormContentFilter' to: [/*]
2016-06-16 12:18:08.546  INFO 14083 --- [localhost-startStop-1] o.s.b.c.embedded.FilterRegistrationBean  : Mapping filter: 'requestContextFilter' to: [/*]
2016-06-16 12:18:08.546  INFO 14083 --- [localhost-startStop-1] o.s.b.c.embedded.FilterRegistrationBean  : Mapping filter: 'simpleCORSFilter' to: [/*]
2016-06-16 12:18:08.606  WARN 14083 --- [main] f.a.AutowiredAnnotationBeanPostProcessor : Autowired annotation is not supported on static fields: private static org.springframework.web.context.WebApplicationContext infoboxer.backend.Application.context
2016-06-16 12:18:11.566  INFO 14083 --- [main] o.s.j.e.a.AnnotationMBeanExporter        : Registering beans for JMX exposure on startup
2016-06-16 12:18:11.633  INFO 14083 --- [main] s.b.c.e.t.TomcatEmbeddedServletContainer : Tomcat started on port(s): 8080 (http)
2016-06-16 12:18:11.637  INFO 14083 --- [main] infoboxer.backend.Application            : Started Application in 6.075 seconds (JVM running for 6.486)
2016-06-16 12:18:43.560  INFO 14083 --- [Thread-2] ationConfigEmbeddedWebApplicationContext : Closing org.springframework.boot.context.embedded.AnnotationConfigEmbeddedWebApplicationContext@77a57272: startup date [Thu Jun 16 12:18:06 CEST 2016]; root of context hierarchy
2016-06-16 12:18:43.580  INFO 14083 --- [Thread-2] o.s.j.e.a.AnnotationMBeanExporter        : Unregistering JMX-exposed beans on shutdown
2016-06-16 13:44:30.364  INFO 27458 --- [main] infoboxer.backend.Application            : Starting Application on rhea with PID 27458 (/home/ismaro3/WikiPayback/prototype/backend/build/classes/main started by ismaro3 in /home/ismaro3/WikiPayback/prototype/backend)
2016-06-16 13:44:30.370  INFO 27458 --- [main] infoboxer.backend.Application            : No active profile set, falling back to default profiles: default
2016-06-16 13:44:30.471  INFO 27458 --- [main] ationConfigEmbeddedWebApplicationContext : Refreshing org.springframework.boot.context.embedded.AnnotationConfigEmbeddedWebApplicationContext@33b37288: startup date [Thu Jun 16 13:44:30 CEST 2016]; root of context hierarchy
2016-06-16 13:44:31.624  INFO 27458 --- [main] o.s.b.f.s.DefaultListableBeanFactory     : Overriding bean definition for bean 'beanNameViewResolver' with a different definition: replacing [Root bean: class [null]; scope=; abstract=false; lazyInit=false; autowireMode=3; dependencyCheck=0; autowireCandidate=true; primary=false; factoryBeanName=org.springframework.boot.autoconfigure.web.ErrorMvcAutoConfiguration$WhitelabelErrorViewConfiguration; factoryMethodName=beanNameViewResolver; initMethodName=null; destroyMethodName=(inferred); defined in class path resource [org/springframework/boot/autoconfigure/web/ErrorMvcAutoConfiguration$WhitelabelErrorViewConfiguration.class]] with [Root bean: class [null]; scope=; abstract=false; lazyInit=false; autowireMode=3; dependencyCheck=0; autowireCandidate=true; primary=false; factoryBeanName=org.springframework.boot.autoconfigure.web.WebMvcAutoConfiguration$WebMvcAutoConfigurationAdapter; factoryMethodName=beanNameViewResolver; initMethodName=null; destroyMethodName=(inferred); defined in class path resource [org/springframework/boot/autoconfigure/web/WebMvcAutoConfiguration$WebMvcAutoConfigurationAdapter.class]]
2016-06-16 13:44:32.685  INFO 27458 --- [main] s.b.c.e.t.TomcatEmbeddedServletContainer : Tomcat initialized with port(s): 8080 (http)
2016-06-16 13:44:32.703  INFO 27458 --- [main] o.apache.catalina.core.StandardService   : Starting service Tomcat
2016-06-16 13:44:32.706  INFO 27458 --- [main] org.apache.catalina.core.StandardEngine  : Starting Servlet Engine: Apache Tomcat/8.0.30
2016-06-16 13:44:32.865  INFO 27458 --- [localhost-startStop-1] o.a.c.c.C.[Tomcat].[localhost].[/]       : Initializing Spring embedded WebApplicationContext
2016-06-16 13:44:33.001  INFO 27458 --- [localhost-startStop-1] i.backend.web.config.SimpleCORSFilter    : SimpleCORSFilter init
2016-06-16 13:44:33.337  INFO 27458 --- [localhost-startStop-1] o.s.b.c.e.ServletRegistrationBean        : Mapping servlet: 'dispatcherServlet' to [/]
2016-06-16 13:44:33.349  INFO 27458 --- [localhost-startStop-1] o.s.b.c.embedded.FilterRegistrationBean  : Mapping filter: 'characterEncodingFilter' to: [/*]
2016-06-16 13:44:33.350  INFO 27458 --- [localhost-startStop-1] o.s.b.c.embedded.FilterRegistrationBean  : Mapping filter: 'hiddenHttpMethodFilter' to: [/*]
2016-06-16 13:44:33.350  INFO 27458 --- [localhost-startStop-1] o.s.b.c.embedded.FilterRegistrationBean  : Mapping filter: 'httpPutFormContentFilter' to: [/*]
2016-06-16 13:44:33.350  INFO 27458 --- [localhost-startStop-1] o.s.b.c.embedded.FilterRegistrationBean  : Mapping filter: 'requestContextFilter' to: [/*]
2016-06-16 13:44:33.351  INFO 27458 --- [localhost-startStop-1] o.s.b.c.embedded.FilterRegistrationBean  : Mapping filter: 'simpleCORSFilter' to: [/*]
2016-06-16 13:44:33.433  WARN 27458 --- [main] f.a.AutowiredAnnotationBeanPostProcessor : Autowired annotation is not supported on static fields: private static org.springframework.web.context.WebApplicationContext infoboxer.backend.Application.context
2016-06-16 13:44:36.204  INFO 27458 --- [main] o.s.j.e.a.AnnotationMBeanExporter        : Registering beans for JMX exposure on startup
2016-06-16 13:44:36.316  INFO 27458 --- [main] s.b.c.e.t.TomcatEmbeddedServletContainer : Tomcat started on port(s): 8080 (http)
2016-06-16 13:44:36.327  INFO 27458 --- [main] infoboxer.backend.Application            : Started Application in 6.526 seconds (JVM running for 6.953)
2016-06-16 13:46:17.613  INFO 27458 --- [http-nio-8080-exec-1] o.a.c.c.C.[Tomcat].[localhost].[/]       : Initializing Spring FrameworkServlet 'dispatcherServlet'
2016-06-16 13:50:36.138  INFO 27458 --- [Thread-2] ationConfigEmbeddedWebApplicationContext : Closing org.springframework.boot.context.embedded.AnnotationConfigEmbeddedWebApplicationContext@33b37288: startup date [Thu Jun 16 13:44:30 CEST 2016]; root of context hierarchy
2016-06-16 13:50:36.141  INFO 27458 --- [Thread-2] o.s.j.e.a.AnnotationMBeanExporter        : Unregistering JMX-exposed beans on shutdown
2016-06-16 13:52:55.499  INFO 28845 --- [main] infoboxer.backend.Application            : Starting Application on rhea with PID 28845 (/home/ismaro3/WikiPayback/prototype/backend/build/classes/main started by ismaro3 in /home/ismaro3/WikiPayback/prototype/backend)
2016-06-16 13:52:55.504  INFO 28845 --- [main] infoboxer.backend.Application            : No active profile set, falling back to default profiles: default
2016-06-16 13:52:55.631  INFO 28845 --- [main] ationConfigEmbeddedWebApplicationContext : Refreshing org.springframework.boot.context.embedded.AnnotationConfigEmbeddedWebApplicationContext@11c20519: startup date [Thu Jun 16 13:52:55 CEST 2016]; root of context hierarchy
2016-06-16 13:52:57.108  INFO 28845 --- [main] o.s.b.f.s.DefaultListableBeanFactory     : Overriding bean definition for bean 'beanNameViewResolver' with a different definition: replacing [Root bean: class [null]; scope=; abstract=false; lazyInit=false; autowireMode=3; dependencyCheck=0; autowireCandidate=true; primary=false; factoryBeanName=org.springframework.boot.autoconfigure.web.ErrorMvcAutoConfiguration$WhitelabelErrorViewConfiguration; factoryMethodName=beanNameViewResolver; initMethodName=null; destroyMethodName=(inferred); defined in class path resource [org/springframework/boot/autoconfigure/web/ErrorMvcAutoConfiguration$WhitelabelErrorViewConfiguration.class]] with [Root bean: class [null]; scope=; abstract=false; lazyInit=false; autowireMode=3; dependencyCheck=0; autowireCandidate=true; primary=false; factoryBeanName=org.springframework.boot.autoconfigure.web.WebMvcAutoConfiguration$WebMvcAutoConfigurationAdapter; factoryMethodName=beanNameViewResolver; initMethodName=null; destroyMethodName=(inferred); defined in class path resource [org/springframework/boot/autoconfigure/web/WebMvcAutoConfiguration$WebMvcAutoConfigurationAdapter.class]]
2016-06-16 13:52:58.339  INFO 28845 --- [main] s.b.c.e.t.TomcatEmbeddedServletContainer : Tomcat initialized with port(s): 8080 (http)
2016-06-16 13:52:58.355  INFO 28845 --- [main] o.apache.catalina.core.StandardService   : Starting service Tomcat
2016-06-16 13:52:58.357  INFO 28845 --- [main] org.apache.catalina.core.StandardEngine  : Starting Servlet Engine: Apache Tomcat/8.0.30
2016-06-16 13:52:58.469  INFO 28845 --- [localhost-startStop-1] o.a.c.c.C.[Tomcat].[localhost].[/]       : Initializing Spring embedded WebApplicationContext
2016-06-16 13:52:58.550  INFO 28845 --- [localhost-startStop-1] i.backend.web.config.SimpleCORSFilter    : SimpleCORSFilter init
2016-06-16 13:52:58.764  INFO 28845 --- [localhost-startStop-1] o.s.b.c.e.ServletRegistrationBean        : Mapping servlet: 'dispatcherServlet' to [/]
2016-06-16 13:52:58.768  INFO 28845 --- [localhost-startStop-1] o.s.b.c.embedded.FilterRegistrationBean  : Mapping filter: 'characterEncodingFilter' to: [/*]
2016-06-16 13:52:58.768  INFO 28845 --- [localhost-startStop-1] o.s.b.c.embedded.FilterRegistrationBean  : Mapping filter: 'hiddenHttpMethodFilter' to: [/*]
2016-06-16 13:52:58.769  INFO 28845 --- [localhost-startStop-1] o.s.b.c.embedded.FilterRegistrationBean  : Mapping filter: 'httpPutFormContentFilter' to: [/*]
2016-06-16 13:52:58.769  INFO 28845 --- [localhost-startStop-1] o.s.b.c.embedded.FilterRegistrationBean  : Mapping filter: 'requestContextFilter' to: [/*]
2016-06-16 13:52:58.769  INFO 28845 --- [localhost-startStop-1] o.s.b.c.embedded.FilterRegistrationBean  : Mapping filter: 'simpleCORSFilter' to: [/*]
2016-06-16 13:52:58.823  WARN 28845 --- [main] f.a.AutowiredAnnotationBeanPostProcessor : Autowired annotation is not supported on static fields: private static org.springframework.web.context.WebApplicationContext infoboxer.backend.Application.context
2016-06-16 13:53:01.644  INFO 28845 --- [main] o.s.j.e.a.AnnotationMBeanExporter        : Registering beans for JMX exposure on startup
2016-06-16 13:53:01.699  INFO 28845 --- [main] s.b.c.e.t.TomcatEmbeddedServletContainer : Tomcat started on port(s): 8080 (http)
2016-06-16 13:53:01.703  INFO 28845 --- [main] infoboxer.backend.Application            : Started Application in 6.855 seconds (JVM running for 7.222)
2016-06-16 13:53:06.931  INFO 28845 --- [http-nio-8080-exec-1] o.a.c.c.C.[Tomcat].[localhost].[/]       : Initializing Spring FrameworkServlet 'dispatcherServlet'
2016-06-16 13:54:31.551  INFO 28845 --- [Thread-2] ationConfigEmbeddedWebApplicationContext : Closing org.springframework.boot.context.embedded.AnnotationConfigEmbeddedWebApplicationContext@11c20519: startup date [Thu Jun 16 13:52:55 CEST 2016]; root of context hierarchy
2016-06-16 13:54:31.554  INFO 28845 --- [Thread-2] o.s.j.e.a.AnnotationMBeanExporter        : Unregistering JMX-exposed beans on shutdown
2016-06-16 13:54:34.558  INFO 29121 --- [main] infoboxer.backend.Application            : Starting Application on rhea with PID 29121 (/home/ismaro3/WikiPayback/prototype/backend/build/classes/main started by ismaro3 in /home/ismaro3/WikiPayback/prototype/backend)
2016-06-16 13:54:34.564  INFO 29121 --- [main] infoboxer.backend.Application            : No active profile set, falling back to default profiles: default
2016-06-16 13:54:34.724  INFO 29121 --- [main] ationConfigEmbeddedWebApplicationContext : Refreshing org.springframework.boot.context.embedded.AnnotationConfigEmbeddedWebApplicationContext@2bbaf4f0: startup date [Thu Jun 16 13:54:34 CEST 2016]; root of context hierarchy
2016-06-16 13:54:36.668  INFO 29121 --- [main] o.s.b.f.s.DefaultListableBeanFactory     : Overriding bean definition for bean 'beanNameViewResolver' with a different definition: replacing [Root bean: class [null]; scope=; abstract=false; lazyInit=false; autowireMode=3; dependencyCheck=0; autowireCandidate=true; primary=false; factoryBeanName=org.springframework.boot.autoconfigure.web.ErrorMvcAutoConfiguration$WhitelabelErrorViewConfiguration; factoryMethodName=beanNameViewResolver; initMethodName=null; destroyMethodName=(inferred); defined in class path resource [org/springframework/boot/autoconfigure/web/ErrorMvcAutoConfiguration$WhitelabelErrorViewConfiguration.class]] with [Root bean: class [null]; scope=; abstract=false; lazyInit=false; autowireMode=3; dependencyCheck=0; autowireCandidate=true; primary=false; factoryBeanName=org.springframework.boot.autoconfigure.web.WebMvcAutoConfiguration$WebMvcAutoConfigurationAdapter; factoryMethodName=beanNameViewResolver; initMethodName=null; destroyMethodName=(inferred); defined in class path resource [org/springframework/boot/autoconfigure/web/WebMvcAutoConfiguration$WebMvcAutoConfigurationAdapter.class]]
2016-06-16 13:54:37.512  INFO 29121 --- [main] s.b.c.e.t.TomcatEmbeddedServletContainer : Tomcat initialized with port(s): 8080 (http)
2016-06-16 13:54:37.533  INFO 29121 --- [main] o.apache.catalina.core.StandardService   : Starting service Tomcat
2016-06-16 13:54:37.536  INFO 29121 --- [main] org.apache.catalina.core.StandardEngine  : Starting Servlet Engine: Apache Tomcat/8.0.30
2016-06-16 13:54:37.675  INFO 29121 --- [localhost-startStop-1] o.a.c.c.C.[Tomcat].[localhost].[/]       : Initializing Spring embedded WebApplicationContext
2016-06-16 13:54:37.819  INFO 29121 --- [localhost-startStop-1] i.backend.web.config.SimpleCORSFilter    : SimpleCORSFilter init
2016-06-16 13:54:38.144  INFO 29121 --- [localhost-startStop-1] o.s.b.c.e.ServletRegistrationBean        : Mapping servlet: 'dispatcherServlet' to [/]
2016-06-16 13:54:38.149  INFO 29121 --- [localhost-startStop-1] o.s.b.c.embedded.FilterRegistrationBean  : Mapping filter: 'characterEncodingFilter' to: [/*]
2016-06-16 13:54:38.150  INFO 29121 --- [localhost-startStop-1] o.s.b.c.embedded.FilterRegistrationBean  : Mapping filter: 'hiddenHttpMethodFilter' to: [/*]
2016-06-16 13:54:38.151  INFO 29121 --- [localhost-startStop-1] o.s.b.c.embedded.FilterRegistrationBean  : Mapping filter: 'httpPutFormContentFilter' to: [/*]
2016-06-16 13:54:38.156  INFO 29121 --- [localhost-startStop-1] o.s.b.c.embedded.FilterRegistrationBean  : Mapping filter: 'requestContextFilter' to: [/*]
2016-06-16 13:54:38.158  INFO 29121 --- [localhost-startStop-1] o.s.b.c.embedded.FilterRegistrationBean  : Mapping filter: 'simpleCORSFilter' to: [/*]
2016-06-16 13:54:38.237  WARN 29121 --- [main] f.a.AutowiredAnnotationBeanPostProcessor : Autowired annotation is not supported on static fields: private static org.springframework.web.context.WebApplicationContext infoboxer.backend.Application.context
2016-06-16 13:54:52.616  INFO 29266 --- [main] infoboxer.backend.Application            : Starting Application on rhea with PID 29266 (/home/ismaro3/WikiPayback/prototype/backend/build/classes/main started by ismaro3 in /home/ismaro3/WikiPayback/prototype/backend)
2016-06-16 13:54:52.643  INFO 29266 --- [main] infoboxer.backend.Application            : No active profile set, falling back to default profiles: default
2016-06-16 13:54:52.943  INFO 29266 --- [main] ationConfigEmbeddedWebApplicationContext : Refreshing org.springframework.boot.context.embedded.AnnotationConfigEmbeddedWebApplicationContext@2d127a61: startup date [Thu Jun 16 13:54:52 CEST 2016]; root of context hierarchy
2016-06-16 13:54:55.645  INFO 29266 --- [main] o.s.b.f.s.DefaultListableBeanFactory     : Overriding bean definition for bean 'beanNameViewResolver' with a different definition: replacing [Root bean: class [null]; scope=; abstract=false; lazyInit=false; autowireMode=3; dependencyCheck=0; autowireCandidate=true; primary=false; factoryBeanName=org.springframework.boot.autoconfigure.web.ErrorMvcAutoConfiguration$WhitelabelErrorViewConfiguration; factoryMethodName=beanNameViewResolver; initMethodName=null; destroyMethodName=(inferred); defined in class path resource [org/springframework/boot/autoconfigure/web/ErrorMvcAutoConfiguration$WhitelabelErrorViewConfiguration.class]] with [Root bean: class [null]; scope=; abstract=false; lazyInit=false; autowireMode=3; dependencyCheck=0; autowireCandidate=true; primary=false; factoryBeanName=org.springframework.boot.autoconfigure.web.WebMvcAutoConfiguration$WebMvcAutoConfigurationAdapter; factoryMethodName=beanNameViewResolver; initMethodName=null; destroyMethodName=(inferred); defined in class path resource [org/springframework/boot/autoconfigure/web/WebMvcAutoConfiguration$WebMvcAutoConfigurationAdapter.class]]
2016-06-16 13:54:57.726  INFO 29266 --- [main] s.b.c.e.t.TomcatEmbeddedServletContainer : Tomcat initialized with port(s): 8080 (http)
2016-06-16 13:54:57.801  INFO 29266 --- [main] o.apache.catalina.core.StandardService   : Starting service Tomcat
2016-06-16 13:54:57.809  INFO 29266 --- [main] org.apache.catalina.core.StandardEngine  : Starting Servlet Engine: Apache Tomcat/8.0.30
2016-06-16 13:54:58.120  INFO 29266 --- [localhost-startStop-1] o.a.c.c.C.[Tomcat].[localhost].[/]       : Initializing Spring embedded WebApplicationContext
2016-06-16 13:54:58.395  INFO 29266 --- [localhost-startStop-1] i.backend.web.config.SimpleCORSFilter    : SimpleCORSFilter init
2016-06-16 13:54:59.034  INFO 29266 --- [localhost-startStop-1] o.s.b.c.e.ServletRegistrationBean        : Mapping servlet: 'dispatcherServlet' to [/]
2016-06-16 13:54:59.040  INFO 29266 --- [localhost-startStop-1] o.s.b.c.embedded.FilterRegistrationBean  : Mapping filter: 'characterEncodingFilter' to: [/*]
2016-06-16 13:54:59.041  INFO 29266 --- [localhost-startStop-1] o.s.b.c.embedded.FilterRegistrationBean  : Mapping filter: 'hiddenHttpMethodFilter' to: [/*]
2016-06-16 13:54:59.041  INFO 29266 --- [localhost-startStop-1] o.s.b.c.embedded.FilterRegistrationBean  : Mapping filter: 'httpPutFormContentFilter' to: [/*]
2016-06-16 13:54:59.055  INFO 29266 --- [localhost-startStop-1] o.s.b.c.embedded.FilterRegistrationBean  : Mapping filter: 'requestContextFilter' to: [/*]
2016-06-16 13:54:59.056  INFO 29266 --- [localhost-startStop-1] o.s.b.c.embedded.FilterRegistrationBean  : Mapping filter: 'simpleCORSFilter' to: [/*]
2016-06-16 13:54:59.189  WARN 29266 --- [main] f.a.AutowiredAnnotationBeanPostProcessor : Autowired annotation is not supported on static fields: private static org.springframework.web.context.WebApplicationContext infoboxer.backend.Application.context
2016-06-16 13:55:02.742  INFO 29266 --- [main] o.s.j.e.a.AnnotationMBeanExporter        : Registering beans for JMX exposure on startup
2016-06-16 13:55:02.811  INFO 29266 --- [main] s.b.c.e.t.TomcatEmbeddedServletContainer : Tomcat started on port(s): 8080 (http)
2016-06-16 13:55:02.820  INFO 29266 --- [main] infoboxer.backend.Application            : Started Application in 11.3 seconds (JVM running for 12.225)
2016-06-16 13:55:27.945  INFO 29266 --- [http-nio-8080-exec-1] o.a.c.c.C.[Tomcat].[localhost].[/]       : Initializing Spring FrameworkServlet 'dispatcherServlet'
2016-06-16 13:56:28.773  INFO 29266 --- [Thread-2] ationConfigEmbeddedWebApplicationContext : Closing org.springframework.boot.context.embedded.AnnotationConfigEmbeddedWebApplicationContext@2d127a61: startup date [Thu Jun 16 13:54:52 CEST 2016]; root of context hierarchy
2016-06-16 13:56:28.775  INFO 29266 --- [Thread-2] o.s.j.e.a.AnnotationMBeanExporter        : Unregistering JMX-exposed beans on shutdown
2016-06-16 13:56:31.720  INFO 29541 --- [main] infoboxer.backend.Application            : Starting Application on rhea with PID 29541 (/home/ismaro3/WikiPayback/prototype/backend/build/classes/main started by ismaro3 in /home/ismaro3/WikiPayback/prototype/backend)
2016-06-16 13:56:31.730  INFO 29541 --- [main] infoboxer.backend.Application            : No active profile set, falling back to default profiles: default
2016-06-16 13:56:31.843  INFO 29541 --- [main] ationConfigEmbeddedWebApplicationContext : Refreshing org.springframework.boot.context.embedded.AnnotationConfigEmbeddedWebApplicationContext@2d127a61: startup date [Thu Jun 16 13:56:31 CEST 2016]; root of context hierarchy
2016-06-16 13:56:33.529  INFO 29541 --- [main] o.s.b.f.s.DefaultListableBeanFactory     : Overriding bean definition for bean 'beanNameViewResolver' with a different definition: replacing [Root bean: class [null]; scope=; abstract=false; lazyInit=false; autowireMode=3; dependencyCheck=0; autowireCandidate=true; primary=false; factoryBeanName=org.springframework.boot.autoconfigure.web.ErrorMvcAutoConfiguration$WhitelabelErrorViewConfiguration; factoryMethodName=beanNameViewResolver; initMethodName=null; destroyMethodName=(inferred); defined in class path resource [org/springframework/boot/autoconfigure/web/ErrorMvcAutoConfiguration$WhitelabelErrorViewConfiguration.class]] with [Root bean: class [null]; scope=; abstract=false; lazyInit=false; autowireMode=3; dependencyCheck=0; autowireCandidate=true; primary=false; factoryBeanName=org.springframework.boot.autoconfigure.web.WebMvcAutoConfiguration$WebMvcAutoConfigurationAdapter; factoryMethodName=beanNameViewResolver; initMethodName=null; destroyMethodName=(inferred); defined in class path resource [org/springframework/boot/autoconfigure/web/WebMvcAutoConfiguration$WebMvcAutoConfigurationAdapter.class]]
2016-06-16 13:56:34.668  INFO 29541 --- [main] s.b.c.e.t.TomcatEmbeddedServletContainer : Tomcat initialized with port(s): 8080 (http)
2016-06-16 13:56:34.682  INFO 29541 --- [main] o.apache.catalina.core.StandardService   : Starting service Tomcat
2016-06-16 13:56:34.683  INFO 29541 --- [main] org.apache.catalina.core.StandardEngine  : Starting Servlet Engine: Apache Tomcat/8.0.30
2016-06-16 13:56:34.790  INFO 29541 --- [localhost-startStop-1] o.a.c.c.C.[Tomcat].[localhost].[/]       : Initializing Spring embedded WebApplicationContext
2016-06-16 13:56:34.880  INFO 29541 --- [localhost-startStop-1] i.backend.web.config.SimpleCORSFilter    : SimpleCORSFilter init
2016-06-16 13:56:35.085  INFO 29541 --- [localhost-startStop-1] o.s.b.c.e.ServletRegistrationBean        : Mapping servlet: 'dispatcherServlet' to [/]
2016-06-16 13:56:35.095  INFO 29541 --- [localhost-startStop-1] o.s.b.c.embedded.FilterRegistrationBean  : Mapping filter: 'characterEncodingFilter' to: [/*]
2016-06-16 13:56:35.096  INFO 29541 --- [localhost-startStop-1] o.s.b.c.embedded.FilterRegistrationBean  : Mapping filter: 'hiddenHttpMethodFilter' to: [/*]
2016-06-16 13:56:35.096  INFO 29541 --- [localhost-startStop-1] o.s.b.c.embedded.FilterRegistrationBean  : Mapping filter: 'httpPutFormContentFilter' to: [/*]
2016-06-16 13:56:35.098  INFO 29541 --- [localhost-startStop-1] o.s.b.c.embedded.FilterRegistrationBean  : Mapping filter: 'requestContextFilter' to: [/*]
2016-06-16 13:56:35.098  INFO 29541 --- [localhost-startStop-1] o.s.b.c.embedded.FilterRegistrationBean  : Mapping filter: 'simpleCORSFilter' to: [/*]
2016-06-16 13:56:35.151  WARN 29541 --- [main] f.a.AutowiredAnnotationBeanPostProcessor : Autowired annotation is not supported on static fields: private static org.springframework.web.context.WebApplicationContext infoboxer.backend.Application.context
2016-06-16 13:56:39.332  INFO 29541 --- [main] o.s.j.e.a.AnnotationMBeanExporter        : Registering beans for JMX exposure on startup
2016-06-16 13:56:39.418  INFO 29541 --- [main] s.b.c.e.t.TomcatEmbeddedServletContainer : Tomcat started on port(s): 8080 (http)
2016-06-16 13:56:39.424  INFO 29541 --- [main] infoboxer.backend.Application            : Started Application in 8.448 seconds (JVM running for 8.916)
2016-06-16 13:56:40.427  INFO 29541 --- [http-nio-8080-exec-1] o.a.c.c.C.[Tomcat].[localhost].[/]       : Initializing Spring FrameworkServlet 'dispatcherServlet'
2016-06-16 13:57:26.682  INFO 29541 --- [Thread-2] ationConfigEmbeddedWebApplicationContext : Closing org.springframework.boot.context.embedded.AnnotationConfigEmbeddedWebApplicationContext@2d127a61: startup date [Thu Jun 16 13:56:31 CEST 2016]; root of context hierarchy
2016-06-16 13:57:26.696  INFO 29541 --- [Thread-2] o.s.j.e.a.AnnotationMBeanExporter        : Unregistering JMX-exposed beans on shutdown
2016-06-16 13:57:29.315  INFO 29715 --- [main] infoboxer.backend.Application            : Starting Application on rhea with PID 29715 (/home/ismaro3/WikiPayback/prototype/backend/build/classes/main started by ismaro3 in /home/ismaro3/WikiPayback/prototype/backend)
2016-06-16 13:57:29.333  INFO 29715 --- [main] infoboxer.backend.Application            : No active profile set, falling back to default profiles: default
2016-06-16 13:57:29.449  INFO 29715 --- [main] ationConfigEmbeddedWebApplicationContext : Refreshing org.springframework.boot.context.embedded.AnnotationConfigEmbeddedWebApplicationContext@2d127a61: startup date [Thu Jun 16 13:57:29 CEST 2016]; root of context hierarchy
2016-06-16 13:57:30.897  INFO 29715 --- [main] o.s.b.f.s.DefaultListableBeanFactory     : Overriding bean definition for bean 'beanNameViewResolver' with a different definition: replacing [Root bean: class [null]; scope=; abstract=false; lazyInit=false; autowireMode=3; dependencyCheck=0; autowireCandidate=true; primary=false; factoryBeanName=org.springframework.boot.autoconfigure.web.ErrorMvcAutoConfiguration$WhitelabelErrorViewConfiguration; factoryMethodName=beanNameViewResolver; initMethodName=null; destroyMethodName=(inferred); defined in class path resource [org/springframework/boot/autoconfigure/web/ErrorMvcAutoConfiguration$WhitelabelErrorViewConfiguration.class]] with [Root bean: class [null]; scope=; abstract=false; lazyInit=false; autowireMode=3; dependencyCheck=0; autowireCandidate=true; primary=false; factoryBeanName=org.springframework.boot.autoconfigure.web.WebMvcAutoConfiguration$WebMvcAutoConfigurationAdapter; factoryMethodName=beanNameViewResolver; initMethodName=null; destroyMethodName=(inferred); defined in class path resource [org/springframework/boot/autoconfigure/web/WebMvcAutoConfiguration$WebMvcAutoConfigurationAdapter.class]]
2016-06-16 13:57:31.884  INFO 29715 --- [main] s.b.c.e.t.TomcatEmbeddedServletContainer : Tomcat initialized with port(s): 8080 (http)
2016-06-16 13:57:31.903  INFO 29715 --- [main] o.apache.catalina.core.StandardService   : Starting service Tomcat
2016-06-16 13:57:31.905  INFO 29715 --- [main] org.apache.catalina.core.StandardEngine  : Starting Servlet Engine: Apache Tomcat/8.0.30
2016-06-16 13:57:32.048  INFO 29715 --- [localhost-startStop-1] o.a.c.c.C.[Tomcat].[localhost].[/]       : Initializing Spring embedded WebApplicationContext
2016-06-16 13:57:32.136  INFO 29715 --- [localhost-startStop-1] i.backend.web.config.SimpleCORSFilter    : SimpleCORSFilter init
2016-06-16 13:57:32.377  INFO 29715 --- [localhost-startStop-1] o.s.b.c.e.ServletRegistrationBean        : Mapping servlet: 'dispatcherServlet' to [/]
2016-06-16 13:57:32.387  INFO 29715 --- [localhost-startStop-1] o.s.b.c.embedded.FilterRegistrationBean  : Mapping filter: 'characterEncodingFilter' to: [/*]
2016-06-16 13:57:32.388  INFO 29715 --- [localhost-startStop-1] o.s.b.c.embedded.FilterRegistrationBean  : Mapping filter: 'hiddenHttpMethodFilter' to: [/*]
2016-06-16 13:57:32.388  INFO 29715 --- [localhost-startStop-1] o.s.b.c.embedded.FilterRegistrationBean  : Mapping filter: 'httpPutFormContentFilter' to: [/*]
2016-06-16 13:57:32.388  INFO 29715 --- [localhost-startStop-1] o.s.b.c.embedded.FilterRegistrationBean  : Mapping filter: 'requestContextFilter' to: [/*]
2016-06-16 13:57:32.388  INFO 29715 --- [localhost-startStop-1] o.s.b.c.embedded.FilterRegistrationBean  : Mapping filter: 'simpleCORSFilter' to: [/*]
2016-06-16 13:57:32.441  WARN 29715 --- [main] f.a.AutowiredAnnotationBeanPostProcessor : Autowired annotation is not supported on static fields: private static org.springframework.web.context.WebApplicationContext infoboxer.backend.Application.context
2016-06-16 13:57:35.382  INFO 29715 --- [main] o.s.j.e.a.AnnotationMBeanExporter        : Registering beans for JMX exposure on startup
2016-06-16 13:57:35.476  INFO 29715 --- [main] s.b.c.e.t.TomcatEmbeddedServletContainer : Tomcat started on port(s): 8080 (http)
2016-06-16 13:57:35.484  INFO 29715 --- [main] infoboxer.backend.Application            : Started Application in 7.165 seconds (JVM running for 7.767)
2016-06-16 13:57:43.157  INFO 29715 --- [http-nio-8080-exec-1] o.a.c.c.C.[Tomcat].[localhost].[/]       : Initializing Spring FrameworkServlet 'dispatcherServlet'
2016-06-16 14:02:10.676  INFO 29715 --- [Thread-2] ationConfigEmbeddedWebApplicationContext : Closing org.springframework.boot.context.embedded.AnnotationConfigEmbeddedWebApplicationContext@2d127a61: startup date [Thu Jun 16 13:57:29 CEST 2016]; root of context hierarchy
2016-06-16 14:02:10.678  INFO 29715 --- [Thread-2] o.s.j.e.a.AnnotationMBeanExporter        : Unregistering JMX-exposed beans on shutdown
2016-06-16 14:02:13.155  INFO 30377 --- [main] infoboxer.backend.Application            : Starting Application on rhea with PID 30377 (/home/ismaro3/WikiPayback/prototype/backend/build/classes/main started by ismaro3 in /home/ismaro3/WikiPayback/prototype/backend)
2016-06-16 14:02:13.169  INFO 30377 --- [main] infoboxer.backend.Application            : No active profile set, falling back to default profiles: default
2016-06-16 14:02:13.308  INFO 30377 --- [main] ationConfigEmbeddedWebApplicationContext : Refreshing org.springframework.boot.context.embedded.AnnotationConfigEmbeddedWebApplicationContext@2d127a61: startup date [Thu Jun 16 14:02:13 CEST 2016]; root of context hierarchy
2016-06-16 14:02:14.904  INFO 30377 --- [main] o.s.b.f.s.DefaultListableBeanFactory     : Overriding bean definition for bean 'beanNameViewResolver' with a different definition: replacing [Root bean: class [null]; scope=; abstract=false; lazyInit=false; autowireMode=3; dependencyCheck=0; autowireCandidate=true; primary=false; factoryBeanName=org.springframework.boot.autoconfigure.web.ErrorMvcAutoConfiguration$WhitelabelErrorViewConfiguration; factoryMethodName=beanNameViewResolver; initMethodName=null; destroyMethodName=(inferred); defined in class path resource [org/springframework/boot/autoconfigure/web/ErrorMvcAutoConfiguration$WhitelabelErrorViewConfiguration.class]] with [Root bean: class [null]; scope=; abstract=false; lazyInit=false; autowireMode=3; dependencyCheck=0; autowireCandidate=true; primary=false; factoryBeanName=org.springframework.boot.autoconfigure.web.WebMvcAutoConfiguration$WebMvcAutoConfigurationAdapter; factoryMethodName=beanNameViewResolver; initMethodName=null; destroyMethodName=(inferred); defined in class path resource [org/springframework/boot/autoconfigure/web/WebMvcAutoConfiguration$WebMvcAutoConfigurationAdapter.class]]
2016-06-16 14:02:15.631  INFO 30377 --- [main] s.b.c.e.t.TomcatEmbeddedServletContainer : Tomcat initialized with port(s): 8080 (http)
2016-06-16 14:02:15.653  INFO 30377 --- [main] o.apache.catalina.core.StandardService   : Starting service Tomcat
2016-06-16 14:02:15.656  INFO 30377 --- [main] org.apache.catalina.core.StandardEngine  : Starting Servlet Engine: Apache Tomcat/8.0.30
2016-06-16 14:02:15.814  INFO 30377 --- [localhost-startStop-1] o.a.c.c.C.[Tomcat].[localhost].[/]       : Initializing Spring embedded WebApplicationContext
2016-06-16 14:02:15.928  INFO 30377 --- [localhost-startStop-1] i.backend.web.config.SimpleCORSFilter    : SimpleCORSFilter init
2016-06-16 14:02:16.140  INFO 30377 --- [localhost-startStop-1] o.s.b.c.e.ServletRegistrationBean        : Mapping servlet: 'dispatcherServlet' to [/]
2016-06-16 14:02:16.144  INFO 30377 --- [localhost-startStop-1] o.s.b.c.embedded.FilterRegistrationBean  : Mapping filter: 'characterEncodingFilter' to: [/*]
2016-06-16 14:02:16.145  INFO 30377 --- [localhost-startStop-1] o.s.b.c.embedded.FilterRegistrationBean  : Mapping filter: 'hiddenHttpMethodFilter' to: [/*]
2016-06-16 14:02:16.146  INFO 30377 --- [localhost-startStop-1] o.s.b.c.embedded.FilterRegistrationBean  : Mapping filter: 'httpPutFormContentFilter' to: [/*]
2016-06-16 14:02:16.146  INFO 30377 --- [localhost-startStop-1] o.s.b.c.embedded.FilterRegistrationBean  : Mapping filter: 'requestContextFilter' to: [/*]
2016-06-16 14:02:16.146  INFO 30377 --- [localhost-startStop-1] o.s.b.c.embedded.FilterRegistrationBean  : Mapping filter: 'simpleCORSFilter' to: [/*]
2016-06-16 14:02:16.189  WARN 30377 --- [main] f.a.AutowiredAnnotationBeanPostProcessor : Autowired annotation is not supported on static fields: private static org.springframework.web.context.WebApplicationContext infoboxer.backend.Application.context
2016-06-16 14:02:18.862  INFO 30377 --- [main] o.s.j.e.a.AnnotationMBeanExporter        : Registering beans for JMX exposure on startup
2016-06-16 14:02:18.942  INFO 30377 --- [main] s.b.c.e.t.TomcatEmbeddedServletContainer : Tomcat started on port(s): 8080 (http)
2016-06-16 14:02:18.947  INFO 30377 --- [main] infoboxer.backend.Application            : Started Application in 6.505 seconds (JVM running for 7.412)
2016-06-16 14:02:25.166  INFO 30377 --- [http-nio-8080-exec-1] o.a.c.c.C.[Tomcat].[localhost].[/]       : Initializing Spring FrameworkServlet 'dispatcherServlet'
2016-06-16 14:03:36.183  INFO 30377 --- [Thread-2] ationConfigEmbeddedWebApplicationContext : Closing org.springframework.boot.context.embedded.AnnotationConfigEmbeddedWebApplicationContext@2d127a61: startup date [Thu Jun 16 14:02:13 CEST 2016]; root of context hierarchy
2016-06-16 14:03:36.185  INFO 30377 --- [Thread-2] o.s.j.e.a.AnnotationMBeanExporter        : Unregistering JMX-exposed beans on shutdown
2016-06-16 14:03:40.640  INFO 30722 --- [main] infoboxer.backend.Application            : Starting Application on rhea with PID 30722 (/home/ismaro3/WikiPayback/prototype/backend/build/classes/main started by ismaro3 in /home/ismaro3/WikiPayback/prototype/backend)
2016-06-16 14:03:40.663  INFO 30722 --- [main] infoboxer.backend.Application            : No active profile set, falling back to default profiles: default
2016-06-16 14:03:40.843  INFO 30722 --- [main] ationConfigEmbeddedWebApplicationContext : Refreshing org.springframework.boot.context.embedded.AnnotationConfigEmbeddedWebApplicationContext@2d127a61: startup date [Thu Jun 16 14:03:40 CEST 2016]; root of context hierarchy
2016-06-16 14:03:41.865  INFO 30722 --- [main] o.s.b.f.s.DefaultListableBeanFactory     : Overriding bean definition for bean 'beanNameViewResolver' with a different definition: replacing [Root bean: class [null]; scope=; abstract=false; lazyInit=false; autowireMode=3; dependencyCheck=0; autowireCandidate=true; primary=false; factoryBeanName=org.springframework.boot.autoconfigure.web.ErrorMvcAutoConfiguration$WhitelabelErrorViewConfiguration; factoryMethodName=beanNameViewResolver; initMethodName=null; destroyMethodName=(inferred); defined in class path resource [org/springframework/boot/autoconfigure/web/ErrorMvcAutoConfiguration$WhitelabelErrorViewConfiguration.class]] with [Root bean: class [null]; scope=; abstract=false; lazyInit=false; autowireMode=3; dependencyCheck=0; autowireCandidate=true; primary=false; factoryBeanName=org.springframework.boot.autoconfigure.web.WebMvcAutoConfiguration$WebMvcAutoConfigurationAdapter; factoryMethodName=beanNameViewResolver; initMethodName=null; destroyMethodName=(inferred); defined in class path resource [org/springframework/boot/autoconfigure/web/WebMvcAutoConfiguration$WebMvcAutoConfigurationAdapter.class]]
2016-06-16 14:03:42.654  INFO 30722 --- [main] s.b.c.e.t.TomcatEmbeddedServletContainer : Tomcat initialized with port(s): 8080 (http)
2016-06-16 14:03:42.670  INFO 30722 --- [main] o.apache.catalina.core.StandardService   : Starting service Tomcat
2016-06-16 14:03:42.672  INFO 30722 --- [main] org.apache.catalina.core.StandardEngine  : Starting Servlet Engine: Apache Tomcat/8.0.30
2016-06-16 14:03:42.882  INFO 30722 --- [localhost-startStop-1] o.a.c.c.C.[Tomcat].[localhost].[/]       : Initializing Spring embedded WebApplicationContext
2016-06-16 14:03:43.048  INFO 30722 --- [localhost-startStop-1] i.backend.web.config.SimpleCORSFilter    : SimpleCORSFilter init
2016-06-16 14:03:43.574  INFO 30722 --- [localhost-startStop-1] o.s.b.c.e.ServletRegistrationBean        : Mapping servlet: 'dispatcherServlet' to [/]
2016-06-16 14:03:43.591  INFO 30722 --- [localhost-startStop-1] o.s.b.c.embedded.FilterRegistrationBean  : Mapping filter: 'characterEncodingFilter' to: [/*]
2016-06-16 14:03:43.592  INFO 30722 --- [localhost-startStop-1] o.s.b.c.embedded.FilterRegistrationBean  : Mapping filter: 'hiddenHttpMethodFilter' to: [/*]
2016-06-16 14:03:43.594  INFO 30722 --- [localhost-startStop-1] o.s.b.c.embedded.FilterRegistrationBean  : Mapping filter: 'httpPutFormContentFilter' to: [/*]
2016-06-16 14:03:43.594  INFO 30722 --- [localhost-startStop-1] o.s.b.c.embedded.FilterRegistrationBean  : Mapping filter: 'requestContextFilter' to: [/*]
2016-06-16 14:03:43.594  INFO 30722 --- [localhost-startStop-1] o.s.b.c.embedded.FilterRegistrationBean  : Mapping filter: 'simpleCORSFilter' to: [/*]
2016-06-16 14:03:43.688  WARN 30722 --- [main] f.a.AutowiredAnnotationBeanPostProcessor : Autowired annotation is not supported on static fields: private static org.springframework.web.context.WebApplicationContext infoboxer.backend.Application.context
2016-06-16 14:03:47.289  INFO 30722 --- [main] o.s.j.e.a.AnnotationMBeanExporter        : Registering beans for JMX exposure on startup
2016-06-16 14:03:47.391  INFO 30722 --- [main] s.b.c.e.t.TomcatEmbeddedServletContainer : Tomcat started on port(s): 8080 (http)
2016-06-16 14:03:47.404  INFO 30722 --- [main] infoboxer.backend.Application            : Started Application in 7.691 seconds (JVM running for 8.452)
2016-06-16 14:03:51.014  INFO 30722 --- [http-nio-8080-exec-1] o.a.c.c.C.[Tomcat].[localhost].[/]       : Initializing Spring FrameworkServlet 'dispatcherServlet'
2016-06-16 14:04:18.835  INFO 30722 --- [Thread-2] ationConfigEmbeddedWebApplicationContext : Closing org.springframework.boot.context.embedded.AnnotationConfigEmbeddedWebApplicationContext@2d127a61: startup date [Thu Jun 16 14:03:40 CEST 2016]; root of context hierarchy
2016-06-16 14:04:18.837  INFO 30722 --- [Thread-2] o.s.j.e.a.AnnotationMBeanExporter        : Unregistering JMX-exposed beans on shutdown
2016-06-16 14:04:21.017  INFO 30915 --- [main] infoboxer.backend.Application            : Starting Application on rhea with PID 30915 (/home/ismaro3/WikiPayback/prototype/backend/build/classes/main started by ismaro3 in /home/ismaro3/WikiPayback/prototype/backend)
2016-06-16 14:04:21.022  INFO 30915 --- [main] infoboxer.backend.Application            : No active profile set, falling back to default profiles: default
2016-06-16 14:04:21.137  INFO 30915 --- [main] ationConfigEmbeddedWebApplicationContext : Refreshing org.springframework.boot.context.embedded.AnnotationConfigEmbeddedWebApplicationContext@2d127a61: startup date [Thu Jun 16 14:04:21 CEST 2016]; root of context hierarchy
2016-06-16 14:04:22.592  INFO 30915 --- [main] o.s.b.f.s.DefaultListableBeanFactory     : Overriding bean definition for bean 'beanNameViewResolver' with a different definition: replacing [Root bean: class [null]; scope=; abstract=false; lazyInit=false; autowireMode=3; dependencyCheck=0; autowireCandidate=true; primary=false; factoryBeanName=org.springframework.boot.autoconfigure.web.ErrorMvcAutoConfiguration$WhitelabelErrorViewConfiguration; factoryMethodName=beanNameViewResolver; initMethodName=null; destroyMethodName=(inferred); defined in class path resource [org/springframework/boot/autoconfigure/web/ErrorMvcAutoConfiguration$WhitelabelErrorViewConfiguration.class]] with [Root bean: class [null]; scope=; abstract=false; lazyInit=false; autowireMode=3; dependencyCheck=0; autowireCandidate=true; primary=false; factoryBeanName=org.springframework.boot.autoconfigure.web.WebMvcAutoConfiguration$WebMvcAutoConfigurationAdapter; factoryMethodName=beanNameViewResolver; initMethodName=null; destroyMethodName=(inferred); defined in class path resource [org/springframework/boot/autoconfigure/web/WebMvcAutoConfiguration$WebMvcAutoConfigurationAdapter.class]]
2016-06-16 14:04:23.373  INFO 30915 --- [main] s.b.c.e.t.TomcatEmbeddedServletContainer : Tomcat initialized with port(s): 8080 (http)
2016-06-16 14:04:23.391  INFO 30915 --- [main] o.apache.catalina.core.StandardService   : Starting service Tomcat
2016-06-16 14:04:23.393  INFO 30915 --- [main] org.apache.catalina.core.StandardEngine  : Starting Servlet Engine: Apache Tomcat/8.0.30
2016-06-16 14:04:23.516  INFO 30915 --- [localhost-startStop-1] o.a.c.c.C.[Tomcat].[localhost].[/]       : Initializing Spring embedded WebApplicationContext
2016-06-16 14:04:23.647  INFO 30915 --- [localhost-startStop-1] i.backend.web.config.SimpleCORSFilter    : SimpleCORSFilter init
2016-06-16 14:04:23.862  INFO 30915 --- [localhost-startStop-1] o.s.b.c.e.ServletRegistrationBean        : Mapping servlet: 'dispatcherServlet' to [/]
2016-06-16 14:04:23.867  INFO 30915 --- [localhost-startStop-1] o.s.b.c.embedded.FilterRegistrationBean  : Mapping filter: 'characterEncodingFilter' to: [/*]
2016-06-16 14:04:23.868  INFO 30915 --- [localhost-startStop-1] o.s.b.c.embedded.FilterRegistrationBean  : Mapping filter: 'hiddenHttpMethodFilter' to: [/*]
2016-06-16 14:04:23.869  INFO 30915 --- [localhost-startStop-1] o.s.b.c.embedded.FilterRegistrationBean  : Mapping filter: 'httpPutFormContentFilter' to: [/*]
2016-06-16 14:04:23.869  INFO 30915 --- [localhost-startStop-1] o.s.b.c.embedded.FilterRegistrationBean  : Mapping filter: 'requestContextFilter' to: [/*]
2016-06-16 14:04:23.869  INFO 30915 --- [localhost-startStop-1] o.s.b.c.embedded.FilterRegistrationBean  : Mapping filter: 'simpleCORSFilter' to: [/*]
2016-06-16 14:04:23.925  WARN 30915 --- [main] f.a.AutowiredAnnotationBeanPostProcessor : Autowired annotation is not supported on static fields: private static org.springframework.web.context.WebApplicationContext infoboxer.backend.Application.context
2016-06-16 14:04:26.835  INFO 30915 --- [main] o.s.j.e.a.AnnotationMBeanExporter        : Registering beans for JMX exposure on startup
2016-06-16 14:04:26.939  INFO 30915 --- [main] s.b.c.e.t.TomcatEmbeddedServletContainer : Tomcat started on port(s): 8080 (http)
2016-06-16 14:04:26.947  INFO 30915 --- [main] infoboxer.backend.Application            : Started Application in 6.576 seconds (JVM running for 7.381)
2016-06-16 14:04:27.936  INFO 30915 --- [http-nio-8080-exec-1] o.a.c.c.C.[Tomcat].[localhost].[/]       : Initializing Spring FrameworkServlet 'dispatcherServlet'
2016-06-16 14:04:39.873  INFO 30915 --- [Thread-2] ationConfigEmbeddedWebApplicationContext : Closing org.springframework.boot.context.embedded.AnnotationConfigEmbeddedWebApplicationContext@2d127a61: startup date [Thu Jun 16 14:04:21 CEST 2016]; root of context hierarchy
2016-06-16 14:04:39.875  INFO 30915 --- [Thread-2] o.s.j.e.a.AnnotationMBeanExporter        : Unregistering JMX-exposed beans on shutdown
2016-06-16 14:04:41.898  INFO 31031 --- [main] infoboxer.backend.Application            : Starting Application on rhea with PID 31031 (/home/ismaro3/WikiPayback/prototype/backend/build/classes/main started by ismaro3 in /home/ismaro3/WikiPayback/prototype/backend)
2016-06-16 14:04:41.908  INFO 31031 --- [main] infoboxer.backend.Application            : No active profile set, falling back to default profiles: default
2016-06-16 14:04:42.049  INFO 31031 --- [main] ationConfigEmbeddedWebApplicationContext : Refreshing org.springframework.boot.context.embedded.AnnotationConfigEmbeddedWebApplicationContext@2d127a61: startup date [Thu Jun 16 14:04:42 CEST 2016]; root of context hierarchy
2016-06-16 14:04:43.665  INFO 31031 --- [main] o.s.b.f.s.DefaultListableBeanFactory     : Overriding bean definition for bean 'beanNameViewResolver' with a different definition: replacing [Root bean: class [null]; scope=; abstract=false; lazyInit=false; autowireMode=3; dependencyCheck=0; autowireCandidate=true; primary=false; factoryBeanName=org.springframework.boot.autoconfigure.web.ErrorMvcAutoConfiguration$WhitelabelErrorViewConfiguration; factoryMethodName=beanNameViewResolver; initMethodName=null; destroyMethodName=(inferred); defined in class path resource [org/springframework/boot/autoconfigure/web/ErrorMvcAutoConfiguration$WhitelabelErrorViewConfiguration.class]] with [Root bean: class [null]; scope=; abstract=false; lazyInit=false; autowireMode=3; dependencyCheck=0; autowireCandidate=true; primary=false; factoryBeanName=org.springframework.boot.autoconfigure.web.WebMvcAutoConfiguration$WebMvcAutoConfigurationAdapter; factoryMethodName=beanNameViewResolver; initMethodName=null; destroyMethodName=(inferred); defined in class path resource [org/springframework/boot/autoconfigure/web/WebMvcAutoConfiguration$WebMvcAutoConfigurationAdapter.class]]
2016-06-16 14:04:44.669  INFO 31031 --- [main] s.b.c.e.t.TomcatEmbeddedServletContainer : Tomcat initialized with port(s): 8080 (http)
2016-06-16 14:04:44.690  INFO 31031 --- [main] o.apache.catalina.core.StandardService   : Starting service Tomcat
2016-06-16 14:04:44.692  INFO 31031 --- [main] org.apache.catalina.core.StandardEngine  : Starting Servlet Engine: Apache Tomcat/8.0.30
2016-06-16 14:04:44.792  INFO 31031 --- [localhost-startStop-1] o.a.c.c.C.[Tomcat].[localhost].[/]       : Initializing Spring embedded WebApplicationContext
2016-06-16 14:04:44.889  INFO 31031 --- [localhost-startStop-1] i.backend.web.config.SimpleCORSFilter    : SimpleCORSFilter init
2016-06-16 14:04:45.101  INFO 31031 --- [localhost-startStop-1] o.s.b.c.e.ServletRegistrationBean        : Mapping servlet: 'dispatcherServlet' to [/]
2016-06-16 14:04:45.110  INFO 31031 --- [localhost-startStop-1] o.s.b.c.embedded.FilterRegistrationBean  : Mapping filter: 'characterEncodingFilter' to: [/*]
2016-06-16 14:04:45.111  INFO 31031 --- [localhost-startStop-1] o.s.b.c.embedded.FilterRegistrationBean  : Mapping filter: 'hiddenHttpMethodFilter' to: [/*]
2016-06-16 14:04:45.111  INFO 31031 --- [localhost-startStop-1] o.s.b.c.embedded.FilterRegistrationBean  : Mapping filter: 'httpPutFormContentFilter' to: [/*]
2016-06-16 14:04:45.111  INFO 31031 --- [localhost-startStop-1] o.s.b.c.embedded.FilterRegistrationBean  : Mapping filter: 'requestContextFilter' to: [/*]
2016-06-16 14:04:45.112  INFO 31031 --- [localhost-startStop-1] o.s.b.c.embedded.FilterRegistrationBean  : Mapping filter: 'simpleCORSFilter' to: [/*]
2016-06-16 14:04:45.156  WARN 31031 --- [main] f.a.AutowiredAnnotationBeanPostProcessor : Autowired annotation is not supported on static fields: private static org.springframework.web.context.WebApplicationContext infoboxer.backend.Application.context
2016-06-16 14:04:48.101  INFO 31031 --- [main] o.s.j.e.a.AnnotationMBeanExporter        : Registering beans for JMX exposure on startup
2016-06-16 14:04:48.180  INFO 31031 --- [main] s.b.c.e.t.TomcatEmbeddedServletContainer : Tomcat started on port(s): 8080 (http)
2016-06-16 14:04:48.186  INFO 31031 --- [main] infoboxer.backend.Application            : Started Application in 6.88 seconds (JVM running for 7.521)
2016-06-16 14:04:50.449  INFO 31031 --- [http-nio-8080-exec-1] o.a.c.c.C.[Tomcat].[localhost].[/]       : Initializing Spring FrameworkServlet 'dispatcherServlet'
2016-06-16 14:06:54.263  INFO 31031 --- [Thread-2] ationConfigEmbeddedWebApplicationContext : Closing org.springframework.boot.context.embedded.AnnotationConfigEmbeddedWebApplicationContext@2d127a61: startup date [Thu Jun 16 14:04:42 CEST 2016]; root of context hierarchy
2016-06-16 14:06:54.266  INFO 31031 --- [Thread-2] o.s.j.e.a.AnnotationMBeanExporter        : Unregistering JMX-exposed beans on shutdown
2016-06-16 14:08:21.683  INFO 31965 --- [main] infoboxer.backend.Application            : Starting Application on rhea with PID 31965 (/home/ismaro3/WikiPayback/prototype/backend/build/classes/main started by ismaro3 in /home/ismaro3/WikiPayback/prototype/backend)
2016-06-16 14:08:21.688  INFO 31965 --- [main] infoboxer.backend.Application            : No active profile set, falling back to default profiles: default
2016-06-16 14:08:21.749  INFO 31965 --- [main] ationConfigEmbeddedWebApplicationContext : Refreshing org.springframework.boot.context.embedded.AnnotationConfigEmbeddedWebApplicationContext@33b37288: startup date [Thu Jun 16 14:08:21 CEST 2016]; root of context hierarchy
2016-06-16 14:08:22.617  INFO 31965 --- [main] o.s.b.f.s.DefaultListableBeanFactory     : Overriding bean definition for bean 'beanNameViewResolver' with a different definition: replacing [Root bean: class [null]; scope=; abstract=false; lazyInit=false; autowireMode=3; dependencyCheck=0; autowireCandidate=true; primary=false; factoryBeanName=org.springframework.boot.autoconfigure.web.ErrorMvcAutoConfiguration$WhitelabelErrorViewConfiguration; factoryMethodName=beanNameViewResolver; initMethodName=null; destroyMethodName=(inferred); defined in class path resource [org/springframework/boot/autoconfigure/web/ErrorMvcAutoConfiguration$WhitelabelErrorViewConfiguration.class]] with [Root bean: class [null]; scope=; abstract=false; lazyInit=false; autowireMode=3; dependencyCheck=0; autowireCandidate=true; primary=false; factoryBeanName=org.springframework.boot.autoconfigure.web.WebMvcAutoConfiguration$WebMvcAutoConfigurationAdapter; factoryMethodName=beanNameViewResolver; initMethodName=null; destroyMethodName=(inferred); defined in class path resource [org/springframework/boot/autoconfigure/web/WebMvcAutoConfiguration$WebMvcAutoConfigurationAdapter.class]]
2016-06-16 14:08:23.367  INFO 31965 --- [main] s.b.c.e.t.TomcatEmbeddedServletContainer : Tomcat initialized with port(s): 8080 (http)
2016-06-16 14:08:23.386  INFO 31965 --- [main] o.apache.catalina.core.StandardService   : Starting service Tomcat
2016-06-16 14:08:23.387  INFO 31965 --- [main] org.apache.catalina.core.StandardEngine  : Starting Servlet Engine: Apache Tomcat/8.0.30
2016-06-16 14:08:23.518  INFO 31965 --- [localhost-startStop-1] o.a.c.c.C.[Tomcat].[localhost].[/]       : Initializing Spring embedded WebApplicationContext
2016-06-16 14:08:23.628  INFO 31965 --- [localhost-startStop-1] i.backend.web.config.SimpleCORSFilter    : SimpleCORSFilter init
2016-06-16 14:08:23.859  INFO 31965 --- [localhost-startStop-1] o.s.b.c.e.ServletRegistrationBean        : Mapping servlet: 'dispatcherServlet' to [/]
2016-06-16 14:08:23.864  INFO 31965 --- [localhost-startStop-1] o.s.b.c.embedded.FilterRegistrationBean  : Mapping filter: 'characterEncodingFilter' to: [/*]
2016-06-16 14:08:23.865  INFO 31965 --- [localhost-startStop-1] o.s.b.c.embedded.FilterRegistrationBean  : Mapping filter: 'hiddenHttpMethodFilter' to: [/*]
2016-06-16 14:08:23.865  INFO 31965 --- [localhost-startStop-1] o.s.b.c.embedded.FilterRegistrationBean  : Mapping filter: 'httpPutFormContentFilter' to: [/*]
2016-06-16 14:08:23.869  INFO 31965 --- [localhost-startStop-1] o.s.b.c.embedded.FilterRegistrationBean  : Mapping filter: 'requestContextFilter' to: [/*]
2016-06-16 14:08:23.870  INFO 31965 --- [localhost-startStop-1] o.s.b.c.embedded.FilterRegistrationBean  : Mapping filter: 'simpleCORSFilter' to: [/*]
2016-06-16 14:08:23.933  WARN 31965 --- [main] f.a.AutowiredAnnotationBeanPostProcessor : Autowired annotation is not supported on static fields: private static org.springframework.web.context.WebApplicationContext infoboxer.backend.Application.context
2016-06-16 14:08:26.916  INFO 31965 --- [main] o.s.j.e.a.AnnotationMBeanExporter        : Registering beans for JMX exposure on startup
2016-06-16 14:08:26.994  INFO 31965 --- [main] s.b.c.e.t.TomcatEmbeddedServletContainer : Tomcat started on port(s): 8080 (http)
2016-06-16 14:08:26.999  INFO 31965 --- [main] infoboxer.backend.Application            : Started Application in 5.848 seconds (JVM running for 6.259)
2016-06-16 14:09:09.214  INFO 31965 --- [http-nio-8080-exec-1] o.a.c.c.C.[Tomcat].[localhost].[/]       : Initializing Spring FrameworkServlet 'dispatcherServlet'
2016-06-16 14:34:56.256  INFO 31965 --- [Thread-2] ationConfigEmbeddedWebApplicationContext : Closing org.springframework.boot.context.embedded.AnnotationConfigEmbeddedWebApplicationContext@33b37288: startup date [Thu Jun 16 14:08:21 CEST 2016]; root of context hierarchy
2016-06-16 14:34:56.259  INFO 31965 --- [Thread-2] o.s.j.e.a.AnnotationMBeanExporter        : Unregistering JMX-exposed beans on shutdown
